2023-05-14 21:59:35,926 :: INFO :: app started
2023-05-14 21:59:35,929 :: INFO :: ('1',)
2023-05-14 21:59:35,930 :: INFO :: ('1',)
2023-05-14 21:59:35,931 :: INFO :: ('1',)
2023-05-14 21:59:35,932 :: INFO :: ('1',)
2023-05-14 21:59:35,934 :: INFO :: ('1',)
2023-05-14 21:59:35,935 :: INFO :: ('12',)
2023-05-14 21:59:35,937 :: INFO :: ('22',)
2023-05-14 21:59:35,938 :: INFO :: ('3',)
2023-05-14 21:59:35,940 :: INFO :: ('22',)
2023-05-14 21:59:35,942 :: INFO :: ('',)
2023-05-14 21:59:35,945 :: INFO :: ('23',)
2023-05-14 21:59:35,946 :: INFO :: squad-fpp
2023-05-14 22:00:41,118 :: INFO :: app started
2023-05-14 22:00:41,123 :: INFO :: ('1',)
2023-05-14 22:00:41,124 :: INFO :: ('1',)
2023-05-14 22:00:41,130 :: INFO :: ('1',)
2023-05-14 22:00:41,137 :: INFO :: ('1',)
2023-05-14 22:00:41,142 :: INFO :: ('1',)
2023-05-14 22:00:41,143 :: INFO :: ('12',)
2023-05-14 22:00:41,144 :: INFO :: ('22',)
2023-05-14 22:00:41,147 :: INFO :: ('3',)
2023-05-14 22:00:41,149 :: INFO :: ('22',)
2023-05-14 22:00:41,150 :: INFO :: ('24',)
2023-05-14 22:00:41,151 :: INFO :: ('23',)
2023-05-14 22:00:41,153 :: INFO :: squad-fpp
2023-05-14 22:00:41,201 :: INFO :: [0.43401651]
